2023-03-08 03:49:08,401 - root - INFO - Namespace(data='UNtrade', bs=200, prefix='tgn_attn', n_degree=10, n_head=2, n_epoch=50, n_layer=1, lr=0.0001, patience=5, n_runs=5, drop_out=0.1, gpu=2, node_dim=100, time_dim=100, backprop_every=1, use_memory=True, embedding_module='graph_attention', message_function='identity', memory_updater='gru', aggregator='last', memory_update_at_end=False, message_dim=100, memory_dim=172, different_new_nodes=False, uniform=False, randomize_features=False, max_normalization=False, logarithmize_weights=True, use_destination_embedding_in_message=False, use_source_embedding_in_message=False, dyrep=False, val_ratio=0.15, test_ratio=0.15)
2023-03-08 03:49:11,007 - root - INFO - ************************************
2023-03-08 03:49:11,007 - root - INFO - ********** Run 0 starts. **********
2023-03-08 03:49:12,286 - root - INFO - num of training instances: 278721
2023-03-08 03:49:12,287 - root - INFO - num of batches per epoch: 1394
2023-03-08 03:49:12,287 - root - INFO - start 0 epoch
2023-03-08 03:50:06,957 - root - INFO - epoch: 0 took 54.67s
2023-03-08 03:50:06,957 - root - INFO - Epoch mean loss: 5.834928523690321
2023-03-08 03:50:06,957 - root - INFO - val loss base: 5.925015569952451, val loss: 3.6611795846331283, new node val loss base: 6.3608656965515005, new node val loss: 3.8569597962479008
2023-03-08 03:50:06,973 - root - INFO - start 1 epoch
2023-03-08 03:51:00,103 - root - INFO - epoch: 1 took 53.14s
2023-03-08 03:51:00,103 - root - INFO - Epoch mean loss: 5.381177880500618
2023-03-08 03:51:00,103 - root - INFO - val loss base: 5.925015569952451, val loss: 3.0674669577435068, new node val loss base: 6.3608656965515005, new node val loss: 3.3882920988050547
2023-03-08 03:51:00,116 - root - INFO - start 2 epoch
2023-03-08 03:51:53,752 - root - INFO - epoch: 2 took 53.64s
2023-03-08 03:51:53,753 - root - INFO - Epoch mean loss: 5.187749347522577
2023-03-08 03:51:53,753 - root - INFO - val loss base: 5.925015569952451, val loss: 3.0767978089704795, new node val loss base: 6.3608656965515005, new node val loss: 3.4859175499809734
2023-03-08 03:51:53,776 - root - INFO - start 3 epoch
2023-03-08 03:52:46,112 - root - INFO - epoch: 3 took 52.35s
2023-03-08 03:52:46,112 - root - INFO - Epoch mean loss: 5.13477435002539
2023-03-08 03:52:46,112 - root - INFO - val loss base: 5.925015569952451, val loss: 3.14993511535672, new node val loss base: 6.3608656965515005, new node val loss: 3.435534532495199
2023-03-08 03:52:46,124 - root - INFO - start 4 epoch
2023-03-08 03:53:39,746 - root - INFO - epoch: 4 took 53.63s
2023-03-08 03:53:39,747 - root - INFO - Epoch mean loss: 5.14110712187533
2023-03-08 03:53:39,747 - root - INFO - val loss base: 5.925015569952451, val loss: 3.3913865434572057, new node val loss base: 6.3608656965515005, new node val loss: 3.6695818135055647
2023-03-08 03:53:39,761 - root - INFO - start 5 epoch
2023-03-08 03:54:33,321 - root - INFO - epoch: 5 took 53.57s
2023-03-08 03:54:33,321 - root - INFO - Epoch mean loss: 5.172204122310731
2023-03-08 03:54:33,321 - root - INFO - val loss base: 5.925015569952451, val loss: 3.161425126408877, new node val loss base: 6.3608656965515005, new node val loss: 3.933250369404759
2023-03-08 03:54:33,333 - root - INFO - start 6 epoch
2023-03-08 03:55:26,866 - root - INFO - epoch: 6 took 53.54s
2023-03-08 03:55:26,866 - root - INFO - Epoch mean loss: 5.0856392564869335
2023-03-08 03:55:26,866 - root - INFO - val loss base: 5.925015569952451, val loss: 3.0625020132075433, new node val loss base: 6.3608656965515005, new node val loss: 3.487617780190547
2023-03-08 03:55:26,878 - root - INFO - start 7 epoch
2023-03-08 03:56:20,662 - root - INFO - epoch: 7 took 53.79s
2023-03-08 03:56:20,662 - root - INFO - Epoch mean loss: 5.1218782182745475
2023-03-08 03:56:20,662 - root - INFO - val loss base: 5.925015569952451, val loss: 3.1263608817722752, new node val loss base: 6.3608656965515005, new node val loss: 3.9680488564918286
2023-03-08 03:56:20,677 - root - INFO - start 8 epoch
2023-03-08 03:57:13,463 - root - INFO - epoch: 8 took 52.79s
2023-03-08 03:57:13,464 - root - INFO - Epoch mean loss: 5.038887164172004
2023-03-08 03:57:13,464 - root - INFO - val loss base: 5.925015569952451, val loss: 3.2262414159582478, new node val loss base: 6.3608656965515005, new node val loss: 3.7521296605585697
2023-03-08 03:57:13,476 - root - INFO - start 9 epoch
2023-03-08 03:58:06,106 - root - INFO - epoch: 9 took 52.64s
2023-03-08 03:58:06,106 - root - INFO - Epoch mean loss: 5.029439611619651
2023-03-08 03:58:06,106 - root - INFO - val loss base: 5.925015569952451, val loss: 3.0962322101089366, new node val loss base: 6.3608656965515005, new node val loss: 3.852114411351629
2023-03-08 03:58:06,119 - root - INFO - start 10 epoch
2023-03-08 03:58:58,969 - root - INFO - epoch: 10 took 52.86s
2023-03-08 03:58:58,970 - root - INFO - Epoch mean loss: 5.02947050803361
2023-03-08 03:58:58,970 - root - INFO - val loss base: 5.925015569952451, val loss: 3.0742628349450865, new node val loss base: 6.3608656965515005, new node val loss: 3.7997640107031607
2023-03-08 03:58:58,982 - root - INFO - start 11 epoch
2023-03-08 03:59:52,419 - root - INFO - epoch: 11 took 53.44s
2023-03-08 03:59:52,419 - root - INFO - Epoch mean loss: 5.030061268395981
2023-03-08 03:59:52,419 - root - INFO - val loss base: 5.925015569952451, val loss: 3.051835306248306, new node val loss base: 6.3608656965515005, new node val loss: 3.9189833363495157
2023-03-08 03:59:52,431 - root - INFO - start 12 epoch
2023-03-08 04:00:45,064 - root - INFO - epoch: 12 took 52.64s
2023-03-08 04:00:45,064 - root - INFO - Epoch mean loss: 5.042534270621783
2023-03-08 04:00:45,064 - root - INFO - val loss base: 5.925015569952451, val loss: 3.1343227306049775, new node val loss base: 6.3608656965515005, new node val loss: 4.455455620713512
2023-03-08 04:00:45,077 - root - INFO - start 13 epoch
2023-03-08 04:01:38,264 - root - INFO - epoch: 13 took 53.19s
2023-03-08 04:01:38,264 - root - INFO - Epoch mean loss: 5.006988787069553
2023-03-08 04:01:38,264 - root - INFO - val loss base: 5.925015569952451, val loss: 3.0134502172872546, new node val loss base: 6.3608656965515005, new node val loss: 3.7786209062590927
2023-03-08 04:01:38,277 - root - INFO - start 14 epoch
2023-03-08 04:02:30,752 - root - INFO - epoch: 14 took 52.48s
2023-03-08 04:02:30,752 - root - INFO - Epoch mean loss: 4.954526036336398
2023-03-08 04:02:30,752 - root - INFO - val loss base: 5.925015569952451, val loss: 3.199131622391939, new node val loss base: 6.3608656965515005, new node val loss: 3.877479997889369
2023-03-08 04:02:30,765 - root - INFO - start 15 epoch
2023-03-08 04:03:23,379 - root - INFO - epoch: 15 took 52.62s
2023-03-08 04:03:23,380 - root - INFO - Epoch mean loss: 4.975546728760817
2023-03-08 04:03:23,380 - root - INFO - val loss base: 5.925015569952451, val loss: 2.951650283936703, new node val loss base: 6.3608656965515005, new node val loss: 3.6680558373059746
2023-03-08 04:03:23,392 - root - INFO - start 16 epoch
2023-03-08 04:04:15,525 - root - INFO - epoch: 16 took 52.14s
2023-03-08 04:04:15,525 - root - INFO - Epoch mean loss: 4.928978156838219
2023-03-08 04:04:15,525 - root - INFO - val loss base: 5.925015569952451, val loss: 3.0807804125464995, new node val loss base: 6.3608656965515005, new node val loss: 3.5657124742294664
2023-03-08 04:04:15,538 - root - INFO - start 17 epoch
2023-03-08 04:05:08,354 - root - INFO - epoch: 17 took 52.82s
2023-03-08 04:05:08,354 - root - INFO - Epoch mean loss: 4.980053023594182
2023-03-08 04:05:08,354 - root - INFO - val loss base: 5.925015569952451, val loss: 3.0576604231748146, new node val loss base: 6.3608656965515005, new node val loss: 3.5119284627761203
2023-03-08 04:05:08,367 - root - INFO - start 18 epoch
2023-03-08 04:06:01,630 - root - INFO - epoch: 18 took 53.27s
2023-03-08 04:06:01,630 - root - INFO - Epoch mean loss: 4.992606157551879
2023-03-08 04:06:01,630 - root - INFO - val loss base: 5.925015569952451, val loss: 3.0434851275595927, new node val loss base: 6.3608656965515005, new node val loss: 3.8415054226893246
2023-03-08 04:06:01,642 - root - INFO - start 19 epoch
2023-03-08 04:06:54,442 - root - INFO - epoch: 19 took 52.81s
2023-03-08 04:06:54,442 - root - INFO - Epoch mean loss: 5.00786856992686
2023-03-08 04:06:54,442 - root - INFO - val loss base: 5.925015569952451, val loss: 3.23678697554744, new node val loss base: 6.3608656965515005, new node val loss: 3.7535752618453047
2023-03-08 04:06:54,455 - root - INFO - start 20 epoch
2023-03-08 04:07:47,273 - root - INFO - epoch: 20 took 52.82s
2023-03-08 04:07:47,273 - root - INFO - Epoch mean loss: 5.002983406763337
2023-03-08 04:07:47,273 - root - INFO - val loss base: 5.925015569952451, val loss: 3.3172026520555518, new node val loss base: 6.3608656965515005, new node val loss: 4.436851167714752
2023-03-08 04:07:47,273 - root - INFO - No improvement over 5 epochs, stop training
2023-03-08 04:07:47,273 - root - INFO - Loading the best model at epoch 15
2023-03-08 04:07:47,277 - root - INFO - Loaded the best model at epoch 15 for inference
2023-03-08 04:07:53,188 - root - INFO - Test statistics: Old nodes -- loss base: 5.938843764649741
2023-03-08 04:07:53,188 - root - INFO - Test statistics: Old nodes -- loss: 3.0400785683650975
2023-03-08 04:07:53,188 - root - INFO - Test statistics: New nodes -- loss base: 6.330539688584581
2023-03-08 04:07:53,188 - root - INFO - Test statistics: New nodes -- loss: 3.6718408441682953
2023-03-08 04:07:53,189 - root - INFO - Saving the model
2023-03-08 04:07:53,250 - root - INFO - TGN model saved
2023-03-08 04:07:53,250 - root - INFO - Run 0, elapsed time: 1122.2434530258179 seconds.
2023-03-08 04:07:53,250 - root - INFO - ************************************
2023-03-08 04:07:53,250 - root - INFO - ********** Run 1 starts. **********
2023-03-08 04:07:53,268 - root - INFO - num of training instances: 278721
2023-03-08 04:07:53,268 - root - INFO - num of batches per epoch: 1394
2023-03-08 04:07:53,269 - root - INFO - start 0 epoch
2023-03-08 04:08:46,365 - root - INFO - epoch: 0 took 53.10s
2023-03-08 04:08:46,365 - root - INFO - Epoch mean loss: 5.803073542874034
2023-03-08 04:08:46,365 - root - INFO - val loss base: 5.925015569952451, val loss: 3.2708121151690928, new node val loss base: 6.3608656965515005, new node val loss: 3.7832385972583906
2023-03-08 04:08:46,378 - root - INFO - start 1 epoch
2023-03-08 04:09:39,041 - root - INFO - epoch: 1 took 52.67s
2023-03-08 04:09:39,041 - root - INFO - Epoch mean loss: 5.330472383642812
2023-03-08 04:09:39,041 - root - INFO - val loss base: 5.925015569952451, val loss: 3.3414748106697707, new node val loss base: 6.3608656965515005, new node val loss: 3.4170856194522066
2023-03-08 04:09:39,054 - root - INFO - start 2 epoch
2023-03-08 04:10:31,891 - root - INFO - epoch: 2 took 52.84s
2023-03-08 04:10:31,891 - root - INFO - Epoch mean loss: 5.2546391988245285
2023-03-08 04:10:31,892 - root - INFO - val loss base: 5.925015569952451, val loss: 3.0288947730804097, new node val loss base: 6.3608656965515005, new node val loss: 3.6790677550913955
2023-03-08 04:10:31,903 - root - INFO - start 3 epoch
2023-03-08 04:11:24,520 - root - INFO - epoch: 3 took 52.62s
2023-03-08 04:11:24,520 - root - INFO - Epoch mean loss: 5.197947654525724
2023-03-08 04:11:24,520 - root - INFO - val loss base: 5.925015569952451, val loss: 3.046301515279252, new node val loss base: 6.3608656965515005, new node val loss: 3.5550923642269203
2023-03-08 04:11:24,533 - root - INFO - start 4 epoch
2023-03-08 04:12:17,465 - root - INFO - epoch: 4 took 52.94s
2023-03-08 04:12:17,465 - root - INFO - Epoch mean loss: 5.166609084247003
2023-03-08 04:12:17,465 - root - INFO - val loss base: 5.925015569952451, val loss: 3.182661795117389, new node val loss base: 6.3608656965515005, new node val loss: 3.7863915799128827
2023-03-08 04:12:17,478 - root - INFO - start 5 epoch
2023-03-08 04:13:11,002 - root - INFO - epoch: 5 took 53.53s
2023-03-08 04:13:11,003 - root - INFO - Epoch mean loss: 5.141458959456325
2023-03-08 04:13:11,003 - root - INFO - val loss base: 5.925015569952451, val loss: 3.1270995142480835, new node val loss base: 6.3608656965515005, new node val loss: 3.8060627722132216
2023-03-08 04:13:11,014 - root - INFO - start 6 epoch
2023-03-08 04:14:04,009 - root - INFO - epoch: 6 took 53.00s
2023-03-08 04:14:04,009 - root - INFO - Epoch mean loss: 5.077113837730594
2023-03-08 04:14:04,009 - root - INFO - val loss base: 5.925015569952451, val loss: 3.15249527210385, new node val loss base: 6.3608656965515005, new node val loss: 4.159320139626359
2023-03-08 04:14:04,022 - root - INFO - start 7 epoch
2023-03-08 04:14:57,523 - root - INFO - epoch: 7 took 53.51s
2023-03-08 04:14:57,523 - root - INFO - Epoch mean loss: 5.1077018475087845
2023-03-08 04:14:57,523 - root - INFO - val loss base: 5.925015569952451, val loss: 3.1744175676607527, new node val loss base: 6.3608656965515005, new node val loss: 4.158636308726293
2023-03-08 04:14:57,523 - root - INFO - No improvement over 5 epochs, stop training
2023-03-08 04:14:57,523 - root - INFO - Loading the best model at epoch 2
2023-03-08 04:14:57,528 - root - INFO - Loaded the best model at epoch 2 for inference
2023-03-08 04:15:03,390 - root - INFO - Test statistics: Old nodes -- loss base: 5.938843764649741
2023-03-08 04:15:03,390 - root - INFO - Test statistics: Old nodes -- loss: 3.0638221247928974
2023-03-08 04:15:03,390 - root - INFO - Test statistics: New nodes -- loss base: 6.330539688584581
2023-03-08 04:15:03,390 - root - INFO - Test statistics: New nodes -- loss: 3.4786803077810333
2023-03-08 04:15:03,390 - root - INFO - Saving the model
2023-03-08 04:15:03,448 - root - INFO - TGN model saved
2023-03-08 04:15:03,449 - root - INFO - Run 1, elapsed time: 430.1982858181 seconds.
2023-03-08 04:15:03,449 - root - INFO - ************************************
2023-03-08 04:15:03,449 - root - INFO - ********** Run 2 starts. **********
2023-03-08 04:15:03,466 - root - INFO - num of training instances: 278721
2023-03-08 04:15:03,467 - root - INFO - num of batches per epoch: 1394
2023-03-08 04:15:03,467 - root - INFO - start 0 epoch
2023-03-08 04:15:56,830 - root - INFO - epoch: 0 took 53.36s
2023-03-08 04:15:56,830 - root - INFO - Epoch mean loss: 5.789849326463478
2023-03-08 04:15:56,830 - root - INFO - val loss base: 5.925015569952451, val loss: 3.880042875902906, new node val loss base: 6.3608656965515005, new node val loss: 4.449689487942434
2023-03-08 04:15:56,843 - root - INFO - start 1 epoch
2023-03-08 04:16:49,351 - root - INFO - epoch: 1 took 52.51s
2023-03-08 04:16:49,351 - root - INFO - Epoch mean loss: 5.402859441177061
2023-03-08 04:16:49,351 - root - INFO - val loss base: 5.925015569952451, val loss: 3.257755597684484, new node val loss base: 6.3608656965515005, new node val loss: 3.279231399583176
2023-03-08 04:16:49,363 - root - INFO - start 2 epoch
2023-03-08 04:17:42,008 - root - INFO - epoch: 2 took 52.65s
2023-03-08 04:17:42,008 - root - INFO - Epoch mean loss: 5.235474169681883
2023-03-08 04:17:42,008 - root - INFO - val loss base: 5.925015569952451, val loss: 2.983297018904631, new node val loss base: 6.3608656965515005, new node val loss: 3.6302979629073815
2023-03-08 04:17:42,021 - root - INFO - start 3 epoch
2023-03-08 04:18:35,119 - root - INFO - epoch: 3 took 53.11s
2023-03-08 04:18:35,120 - root - INFO - Epoch mean loss: 5.186541581769585
2023-03-08 04:18:35,120 - root - INFO - val loss base: 5.925015569952451, val loss: 3.1029007160496263, new node val loss base: 6.3608656965515005, new node val loss: 3.6281599847139723
2023-03-08 04:18:35,132 - root - INFO - start 4 epoch
2023-03-08 04:19:27,158 - root - INFO - epoch: 4 took 52.03s
2023-03-08 04:19:27,159 - root - INFO - Epoch mean loss: 5.1543862941104335
2023-03-08 04:19:27,159 - root - INFO - val loss base: 5.925015569952451, val loss: 3.2160508695673644, new node val loss base: 6.3608656965515005, new node val loss: 3.650739431520302
2023-03-08 04:19:27,171 - root - INFO - start 5 epoch
2023-03-08 04:20:20,085 - root - INFO - epoch: 5 took 52.92s
2023-03-08 04:20:20,085 - root - INFO - Epoch mean loss: 5.048027894076179
2023-03-08 04:20:20,086 - root - INFO - val loss base: 5.925015569952451, val loss: 3.0551630972337867, new node val loss base: 6.3608656965515005, new node val loss: 3.7600728079296233
2023-03-08 04:20:20,098 - root - INFO - start 6 epoch
2023-03-08 04:21:12,541 - root - INFO - epoch: 6 took 52.45s
2023-03-08 04:21:12,541 - root - INFO - Epoch mean loss: 5.0769240743289545
2023-03-08 04:21:12,541 - root - INFO - val loss base: 5.925015569952451, val loss: 3.074480806737786, new node val loss base: 6.3608656965515005, new node val loss: 3.599218605910339
2023-03-08 04:21:12,553 - root - INFO - start 7 epoch
2023-03-08 04:22:05,586 - root - INFO - epoch: 7 took 53.04s
2023-03-08 04:22:05,586 - root - INFO - Epoch mean loss: 5.030823352860241
2023-03-08 04:22:05,586 - root - INFO - val loss base: 5.925015569952451, val loss: 3.142885645677829, new node val loss base: 6.3608656965515005, new node val loss: 3.5148474794145117
2023-03-08 04:22:05,587 - root - INFO - No improvement over 5 epochs, stop training
2023-03-08 04:22:05,587 - root - INFO - Loading the best model at epoch 2
2023-03-08 04:22:05,592 - root - INFO - Loaded the best model at epoch 2 for inference
2023-03-08 04:22:11,447 - root - INFO - Test statistics: Old nodes -- loss base: 5.938843764649741
2023-03-08 04:22:11,447 - root - INFO - Test statistics: Old nodes -- loss: 3.0429405027269554
2023-03-08 04:22:11,447 - root - INFO - Test statistics: New nodes -- loss base: 6.330539688584581
2023-03-08 04:22:11,447 - root - INFO - Test statistics: New nodes -- loss: 3.5426939493861163
2023-03-08 04:22:11,448 - root - INFO - Saving the model
2023-03-08 04:22:11,507 - root - INFO - TGN model saved
2023-03-08 04:22:11,507 - root - INFO - Run 2, elapsed time: 428.05833625793457 seconds.
2023-03-08 04:22:11,507 - root - INFO - ************************************
2023-03-08 04:22:11,507 - root - INFO - ********** Run 3 starts. **********
2023-03-08 04:22:11,523 - root - INFO - num of training instances: 278721
2023-03-08 04:22:11,523 - root - INFO - num of batches per epoch: 1394
2023-03-08 04:22:11,524 - root - INFO - start 0 epoch
2023-03-08 04:23:04,590 - root - INFO - epoch: 0 took 53.07s
2023-03-08 04:23:04,590 - root - INFO - Epoch mean loss: 5.8535604466666795
2023-03-08 04:23:04,590 - root - INFO - val loss base: 5.925015569952451, val loss: 3.4420539727675434, new node val loss base: 6.3608656965515005, new node val loss: 3.8688763109461526
2023-03-08 04:23:04,602 - root - INFO - start 1 epoch
2023-03-08 04:23:56,891 - root - INFO - epoch: 1 took 52.29s
2023-03-08 04:23:56,891 - root - INFO - Epoch mean loss: 5.365325442174586
2023-03-08 04:23:56,891 - root - INFO - val loss base: 5.925015569952451, val loss: 3.2160435270257572, new node val loss base: 6.3608656965515005, new node val loss: 4.020894401672994
2023-03-08 04:23:56,903 - root - INFO - start 2 epoch
2023-03-08 04:24:48,016 - root - INFO - epoch: 2 took 51.12s
2023-03-08 04:24:48,016 - root - INFO - Epoch mean loss: 5.20017087955557
2023-03-08 04:24:48,016 - root - INFO - val loss base: 5.925015569952451, val loss: 3.204205157199741, new node val loss base: 6.3608656965515005, new node val loss: 3.6578348864719636
2023-03-08 04:24:48,028 - root - INFO - start 3 epoch
2023-03-08 04:25:41,007 - root - INFO - epoch: 3 took 52.98s
2023-03-08 04:25:41,007 - root - INFO - Epoch mean loss: 5.184686659569378
2023-03-08 04:25:41,007 - root - INFO - val loss base: 5.925015569952451, val loss: 3.1435591638383005, new node val loss base: 6.3608656965515005, new node val loss: 3.4489503881656076
2023-03-08 04:25:41,019 - root - INFO - start 4 epoch
2023-03-08 04:26:33,710 - root - INFO - epoch: 4 took 52.70s
2023-03-08 04:26:33,710 - root - INFO - Epoch mean loss: 5.163548312023004
2023-03-08 04:26:33,710 - root - INFO - val loss base: 5.925015569952451, val loss: 3.0690071371215244, new node val loss base: 6.3608656965515005, new node val loss: 3.5276672481502267
2023-03-08 04:26:33,722 - root - INFO - start 5 epoch
2023-03-08 04:27:26,527 - root - INFO - epoch: 5 took 52.81s
2023-03-08 04:27:26,527 - root - INFO - Epoch mean loss: 5.067034346130349
2023-03-08 04:27:26,527 - root - INFO - val loss base: 5.925015569952451, val loss: 3.195602901036911, new node val loss base: 6.3608656965515005, new node val loss: 4.344121839818321
2023-03-08 04:27:26,539 - root - INFO - start 6 epoch
2023-03-08 04:28:19,416 - root - INFO - epoch: 6 took 52.88s
2023-03-08 04:28:19,416 - root - INFO - Epoch mean loss: 5.129368072773839
2023-03-08 04:28:19,416 - root - INFO - val loss base: 5.925015569952451, val loss: 3.1390294345179974, new node val loss base: 6.3608656965515005, new node val loss: 4.552693042153728
2023-03-08 04:28:19,428 - root - INFO - start 7 epoch
2023-03-08 04:29:12,132 - root - INFO - epoch: 7 took 52.71s
2023-03-08 04:29:12,132 - root - INFO - Epoch mean loss: 5.154117890033694
2023-03-08 04:29:12,132 - root - INFO - val loss base: 5.925015569952451, val loss: 3.1463821070966382, new node val loss base: 6.3608656965515005, new node val loss: 4.3544161102133
2023-03-08 04:29:12,144 - root - INFO - start 8 epoch
2023-03-08 04:30:03,716 - root - INFO - epoch: 8 took 51.58s
2023-03-08 04:30:03,717 - root - INFO - Epoch mean loss: 5.158128272341177
2023-03-08 04:30:03,717 - root - INFO - val loss base: 5.925015569952451, val loss: 3.3078753788789346, new node val loss base: 6.3608656965515005, new node val loss: 4.704696200082687
2023-03-08 04:30:03,728 - root - INFO - start 9 epoch
2023-03-08 04:30:56,581 - root - INFO - epoch: 9 took 52.86s
2023-03-08 04:30:56,581 - root - INFO - Epoch mean loss: 5.095582588673322
2023-03-08 04:30:56,581 - root - INFO - val loss base: 5.925015569952451, val loss: 3.1766035198753793, new node val loss base: 6.3608656965515005, new node val loss: 4.454381461908136
2023-03-08 04:30:56,581 - root - INFO - No improvement over 5 epochs, stop training
2023-03-08 04:30:56,582 - root - INFO - Loading the best model at epoch 4
2023-03-08 04:30:56,586 - root - INFO - Loaded the best model at epoch 4 for inference
2023-03-08 04:31:02,404 - root - INFO - Test statistics: Old nodes -- loss base: 5.938843764649741
2023-03-08 04:31:02,404 - root - INFO - Test statistics: Old nodes -- loss: 3.13782160310968
2023-03-08 04:31:02,404 - root - INFO - Test statistics: New nodes -- loss base: 6.330539688584581
2023-03-08 04:31:02,404 - root - INFO - Test statistics: New nodes -- loss: 3.4728279593524247
2023-03-08 04:31:02,404 - root - INFO - Saving the model
2023-03-08 04:31:02,463 - root - INFO - TGN model saved
2023-03-08 04:31:02,463 - root - INFO - Run 3, elapsed time: 530.9564225673676 seconds.
2023-03-08 04:31:02,463 - root - INFO - ************************************
2023-03-08 04:31:02,464 - root - INFO - ********** Run 4 starts. **********
2023-03-08 04:31:02,479 - root - INFO - num of training instances: 278721
2023-03-08 04:31:02,480 - root - INFO - num of batches per epoch: 1394
2023-03-08 04:31:02,480 - root - INFO - start 0 epoch
2023-03-08 04:31:54,800 - root - INFO - epoch: 0 took 52.32s
2023-03-08 04:31:54,800 - root - INFO - Epoch mean loss: 5.884631111255848
2023-03-08 04:31:54,800 - root - INFO - val loss base: 5.925015569952451, val loss: 3.4611448876177224, new node val loss base: 6.3608656965515005, new node val loss: 3.856204176804369
2023-03-08 04:31:54,812 - root - INFO - start 1 epoch
2023-03-08 04:32:47,003 - root - INFO - epoch: 1 took 52.20s
2023-03-08 04:32:47,004 - root - INFO - Epoch mean loss: 5.423244966838076
2023-03-08 04:32:47,004 - root - INFO - val loss base: 5.925015569952451, val loss: 3.290255480974043, new node val loss base: 6.3608656965515005, new node val loss: 3.371628163472979
2023-03-08 04:32:47,016 - root - INFO - start 2 epoch
2023-03-08 04:33:39,239 - root - INFO - epoch: 2 took 52.23s
2023-03-08 04:33:39,239 - root - INFO - Epoch mean loss: 5.258972667211098
2023-03-08 04:33:39,239 - root - INFO - val loss base: 5.925015569952451, val loss: 2.9864089328821044, new node val loss base: 6.3608656965515005, new node val loss: 3.870891634095441
2023-03-08 04:33:39,252 - root - INFO - start 3 epoch
2023-03-08 04:34:31,684 - root - INFO - epoch: 3 took 52.44s
2023-03-08 04:34:31,684 - root - INFO - Epoch mean loss: 5.184473164967519
2023-03-08 04:34:31,685 - root - INFO - val loss base: 5.925015569952451, val loss: 3.242291387238578, new node val loss base: 6.3608656965515005, new node val loss: 3.5146677075118617
2023-03-08 04:34:31,697 - root - INFO - start 4 epoch
2023-03-08 04:35:24,948 - root - INFO - epoch: 4 took 53.26s
2023-03-08 04:35:24,948 - root - INFO - Epoch mean loss: 5.132487544712411
2023-03-08 04:35:24,948 - root - INFO - val loss base: 5.925015569952451, val loss: 3.115981488297193, new node val loss base: 6.3608656965515005, new node val loss: 3.4802486395202803
2023-03-08 04:35:24,961 - root - INFO - start 5 epoch
2023-03-08 04:36:18,491 - root - INFO - epoch: 5 took 53.54s
2023-03-08 04:36:18,491 - root - INFO - Epoch mean loss: 5.110645295386677
2023-03-08 04:36:18,491 - root - INFO - val loss base: 5.925015569952451, val loss: 3.036648406372837, new node val loss base: 6.3608656965515005, new node val loss: 3.4367396293068118
2023-03-08 04:36:18,504 - root - INFO - start 6 epoch
2023-03-08 04:37:12,016 - root - INFO - epoch: 6 took 53.52s
2023-03-08 04:37:12,016 - root - INFO - Epoch mean loss: 5.074956699970634
2023-03-08 04:37:12,016 - root - INFO - val loss base: 5.925015569952451, val loss: 3.0767350151158395, new node val loss base: 6.3608656965515005, new node val loss: 3.378010487658763
2023-03-08 04:37:12,029 - root - INFO - start 7 epoch
2023-03-08 04:38:05,380 - root - INFO - epoch: 7 took 53.36s
2023-03-08 04:38:05,380 - root - INFO - Epoch mean loss: 4.999390065413466
2023-03-08 04:38:05,380 - root - INFO - val loss base: 5.925015569952451, val loss: 3.08783338374984, new node val loss base: 6.3608656965515005, new node val loss: 3.610933848920754
2023-03-08 04:38:05,380 - root - INFO - No improvement over 5 epochs, stop training
2023-03-08 04:38:05,380 - root - INFO - Loading the best model at epoch 2
2023-03-08 04:38:05,385 - root - INFO - Loaded the best model at epoch 2 for inference
2023-03-08 04:38:11,291 - root - INFO - Test statistics: Old nodes -- loss base: 5.938843764649741
2023-03-08 04:38:11,292 - root - INFO - Test statistics: Old nodes -- loss: 3.072448752922343
2023-03-08 04:38:11,292 - root - INFO - Test statistics: New nodes -- loss base: 6.330539688584581
2023-03-08 04:38:11,292 - root - INFO - Test statistics: New nodes -- loss: 3.5579672541898844
2023-03-08 04:38:11,292 - root - INFO - Saving the model
2023-03-08 04:38:11,351 - root - INFO - TGN model saved
2023-03-08 04:38:11,351 - root - INFO - Run 4, elapsed time: 428.8874502182007 seconds.
