2023-03-16 16:20:12,212 - root - INFO - Namespace(data='UNtrade', bs=256, prefix='jodie_rnn', n_degree=10, n_head=2, n_epoch=50, n_layer=1, lr=0.0001, patience=5, n_runs=5, drop_out=0.1, gpu=7, node_dim=100, time_dim=100, backprop_every=1, use_memory=True, embedding_module='time', message_function='identity', memory_updater='rnn', aggregator='last', memory_update_at_end=False, message_dim=100, memory_dim=172, different_new_nodes=False, uniform=False, randomize_features=False, max_normalization=True, logarithmize_weights=False, use_destination_embedding_in_message=False, use_source_embedding_in_message=False, dyrep=False, val_ratio=0.15, test_ratio=0.15)
2023-03-16 16:20:30,701 - root - INFO - ************************************
2023-03-16 16:20:30,702 - root - INFO - ********** Run 0 starts. **********
2023-03-16 16:20:48,289 - root - INFO - num of training instances: 278721
2023-03-16 16:20:48,289 - root - INFO - num of batches per epoch: 1089
2023-03-16 16:20:48,290 - root - INFO - start 0 epoch
2023-03-16 16:22:54,668 - root - INFO - epoch: 0 took 126.38s
2023-03-16 16:22:54,668 - root - INFO - Epoch mean loss: 0.31067940685694956
2023-03-16 16:22:54,668 - root - INFO - val loss: 0.29567561640285106, new node val loss: 0.5986845710241456
2023-03-16 16:22:54,700 - root - INFO - start 1 epoch
2023-03-16 16:25:24,025 - root - INFO - epoch: 1 took 149.35s
2023-03-16 16:25:24,025 - root - INFO - Epoch mean loss: 0.23140714258508016
2023-03-16 16:25:24,025 - root - INFO - val loss: 0.0597004215944288, new node val loss: 0.08780298045833172
2023-03-16 16:25:24,047 - root - INFO - start 2 epoch
2023-03-16 16:27:50,847 - root - INFO - epoch: 2 took 146.82s
2023-03-16 16:27:50,847 - root - INFO - Epoch mean loss: 0.22904853593904217
2023-03-16 16:27:50,847 - root - INFO - val loss: 0.08522842756927614, new node val loss: 0.11471352251108662
2023-03-16 16:27:50,865 - root - INFO - start 3 epoch
2023-03-16 16:29:47,630 - root - INFO - epoch: 3 took 116.78s
2023-03-16 16:29:47,631 - root - INFO - Epoch mean loss: 0.15890117041988783
2023-03-16 16:29:47,631 - root - INFO - val loss: 0.0863172894751784, new node val loss: 0.12526799011562806
2023-03-16 16:29:47,651 - root - INFO - start 4 epoch
2023-03-16 16:30:26,108 - root - INFO - epoch: 4 took 38.47s
2023-03-16 16:30:26,108 - root - INFO - Epoch mean loss: 0.09168304221707167
2023-03-16 16:30:26,108 - root - INFO - val loss: 0.13211022719946722, new node val loss: 0.2176169247546359
2023-03-16 16:30:26,128 - root - INFO - start 5 epoch
2023-03-16 16:32:06,125 - root - INFO - epoch: 5 took 100.01s
2023-03-16 16:32:06,126 - root - INFO - Epoch mean loss: 0.1676539597612497
2023-03-16 16:32:06,126 - root - INFO - val loss: 0.03593908118697736, new node val loss: 0.052723283325206934
2023-03-16 16:32:06,138 - root - INFO - start 6 epoch
2023-03-16 16:34:14,725 - root - INFO - epoch: 6 took 128.60s
2023-03-16 16:34:14,725 - root - INFO - Epoch mean loss: 0.12109444837564927
2023-03-16 16:34:14,725 - root - INFO - val loss: 0.06505733970446975, new node val loss: 0.12481750117242996
2023-03-16 16:34:14,746 - root - INFO - start 7 epoch
2023-03-16 16:36:17,670 - root - INFO - epoch: 7 took 122.94s
2023-03-16 16:36:17,671 - root - INFO - Epoch mean loss: 0.09821422489998602
2023-03-16 16:36:17,671 - root - INFO - val loss: 0.045499064844208494, new node val loss: 0.08339031730258865
2023-03-16 16:36:17,681 - root - INFO - start 8 epoch
2023-03-16 16:38:01,293 - root - INFO - epoch: 8 took 103.62s
2023-03-16 16:38:01,293 - root - INFO - Epoch mean loss: 0.10004481234676137
2023-03-16 16:38:01,293 - root - INFO - val loss: 0.06602076733810429, new node val loss: 0.10761149999704776
2023-03-16 16:38:01,310 - root - INFO - start 9 epoch
2023-03-16 16:39:08,433 - root - INFO - epoch: 9 took 67.14s
2023-03-16 16:39:08,434 - root - INFO - Epoch mean loss: 0.16677385121788119
2023-03-16 16:39:08,434 - root - INFO - val loss: 0.044688083010090675, new node val loss: 0.06655716470450886
2023-03-16 16:39:08,448 - root - INFO - start 10 epoch
2023-03-16 16:41:16,418 - root - INFO - epoch: 10 took 127.98s
2023-03-16 16:41:16,418 - root - INFO - Epoch mean loss: 0.10010631403778773
2023-03-16 16:41:16,418 - root - INFO - val loss: 0.13292080919148988, new node val loss: 0.26291779280386723
2023-03-16 16:41:16,418 - root - INFO - No improvement over 5 epochs, stop training
2023-03-16 16:41:16,418 - root - INFO - Loading the best model at epoch 5
2023-03-16 16:41:16,452 - root - INFO - Loaded the best model at epoch 5 for inference
2023-03-16 16:41:41,656 - root - INFO - Test statistics: Old nodes -- loss base mean method: 0.0393333469053658
2023-03-16 16:41:41,656 - root - INFO - Test statistics: Old nodes -- TGN positive loss: 0.0494537030483534
2023-03-16 16:41:41,656 - root - INFO - Test statistics: New nodes -- loss base mean method: 0.03880262704093643
2023-03-16 16:41:41,656 - root - INFO - Test statistics: New nodes -- TGN positive loss: 0.07090794721187797
2023-03-16 16:41:41,656 - root - INFO - Test statistics: Old nodes -- TGN overall loss: 1.1327687744251929
2023-03-16 16:41:41,656 - root - INFO - Test statistics: New nodes -- TGN overall loss: 0.040369342296623444
2023-03-16 17:18:18,914 - root - INFO - Test statistics: Old nodes -- loss base last seen method: 0.001038302338967746
2023-03-16 17:18:18,915 - root - INFO - Test statistics: Old nodes -- loss base historical average method: 0.00958579099148047
2023-03-16 17:27:27,189 - root - INFO - Test statistics: New nodes -- loss base last seen method: 0.0012858200089109766
2023-03-16 17:27:27,189 - root - INFO - Test statistics: New nodes -- loss base historical average method: 0.0018086842602734981
2023-03-16 17:27:27,189 - root - INFO - Saving the model
2023-03-16 17:27:27,272 - root - INFO - TGN model saved
2023-03-16 17:27:27,272 - root - INFO - Run 0, elapsed time: 4016.5714235305786 seconds.
2023-03-16 17:27:27,272 - root - INFO - ************************************
2023-03-16 17:27:27,272 - root - INFO - ********** Run 1 starts. **********
2023-03-16 17:27:27,604 - root - INFO - num of training instances: 278721
2023-03-16 17:27:27,604 - root - INFO - num of batches per epoch: 1089
2023-03-16 17:27:27,606 - root - INFO - start 0 epoch
2023-03-16 17:28:44,255 - root - INFO - epoch: 0 took 76.65s
2023-03-16 17:28:44,255 - root - INFO - Epoch mean loss: 0.2837247154097089
2023-03-16 17:28:44,255 - root - INFO - val loss: 0.23063437537057985, new node val loss: 0.42427575809600276
2023-03-16 17:28:44,269 - root - INFO - start 1 epoch
2023-03-16 17:30:02,913 - root - INFO - epoch: 1 took 78.65s
2023-03-16 17:30:02,913 - root - INFO - Epoch mean loss: 0.18053573095741066
2023-03-16 17:30:02,913 - root - INFO - val loss: 0.06650863850101146, new node val loss: 0.11849020457504515
2023-03-16 17:30:02,923 - root - INFO - start 2 epoch
2023-03-16 17:31:16,365 - root - INFO - epoch: 2 took 73.45s
2023-03-16 17:31:16,365 - root - INFO - Epoch mean loss: 0.11124019004022694
2023-03-16 17:31:16,365 - root - INFO - val loss: 0.10957079370940043, new node val loss: 0.1415865757295052
2023-03-16 17:31:16,379 - root - INFO - start 3 epoch
2023-03-16 17:32:33,630 - root - INFO - epoch: 3 took 77.26s
2023-03-16 17:32:33,630 - root - INFO - Epoch mean loss: 0.09399164043472154
2023-03-16 17:32:33,630 - root - INFO - val loss: 0.1303156091482101, new node val loss: 0.28676289886048756
2023-03-16 17:32:33,646 - root - INFO - start 4 epoch
2023-03-16 17:33:58,242 - root - INFO - epoch: 4 took 84.61s
2023-03-16 17:33:58,242 - root - INFO - Epoch mean loss: 0.1259620915490089
2023-03-16 17:33:58,242 - root - INFO - val loss: 0.04733908021736042, new node val loss: 0.056857938362530634
2023-03-16 17:33:58,261 - root - INFO - start 5 epoch
2023-03-16 17:35:16,320 - root - INFO - epoch: 5 took 78.08s
2023-03-16 17:35:16,321 - root - INFO - Epoch mean loss: 0.07767261565251404
2023-03-16 17:35:16,321 - root - INFO - val loss: 0.04149516905874259, new node val loss: 0.056915279664970536
2023-03-16 17:35:16,338 - root - INFO - start 6 epoch
2023-03-16 17:36:38,723 - root - INFO - epoch: 6 took 82.40s
2023-03-16 17:36:38,723 - root - INFO - Epoch mean loss: 0.040097453676813465
2023-03-16 17:36:38,723 - root - INFO - val loss: 0.08956559399081628, new node val loss: 0.14563754567007456
2023-03-16 17:36:38,734 - root - INFO - start 7 epoch
2023-03-16 17:38:00,659 - root - INFO - epoch: 7 took 81.93s
2023-03-16 17:38:00,660 - root - INFO - Epoch mean loss: 0.08505211961075075
2023-03-16 17:38:00,660 - root - INFO - val loss: 0.03241103511292967, new node val loss: 0.03933213326522942
2023-03-16 17:38:00,681 - root - INFO - start 8 epoch
2023-03-16 17:39:17,499 - root - INFO - epoch: 8 took 76.84s
2023-03-16 17:39:17,499 - root - INFO - Epoch mean loss: 0.055549616660757924
2023-03-16 17:39:17,499 - root - INFO - val loss: 0.05696807285954445, new node val loss: 0.09490632889801383
2023-03-16 17:39:17,516 - root - INFO - start 9 epoch
2023-03-16 17:40:26,045 - root - INFO - epoch: 9 took 68.54s
2023-03-16 17:40:26,045 - root - INFO - Epoch mean loss: 0.048069553949071725
2023-03-16 17:40:26,045 - root - INFO - val loss: 0.0395956815104824, new node val loss: 0.06721896474204336
2023-03-16 17:40:26,090 - root - INFO - start 10 epoch
2023-03-16 17:41:45,135 - root - INFO - epoch: 10 took 79.09s
2023-03-16 17:41:45,135 - root - INFO - Epoch mean loss: 0.10261006351700716
2023-03-16 17:41:45,135 - root - INFO - val loss: 0.0381515353058086, new node val loss: 0.05817869504029929
2023-03-16 17:41:45,151 - root - INFO - start 11 epoch
2023-03-16 17:43:05,519 - root - INFO - epoch: 11 took 80.38s
2023-03-16 17:43:05,519 - root - INFO - Epoch mean loss: 0.03893892964756238
2023-03-16 17:43:05,519 - root - INFO - val loss: 0.03029300447859257, new node val loss: 0.033030286639010024
2023-03-16 17:43:05,535 - root - INFO - start 12 epoch
2023-03-16 17:44:22,502 - root - INFO - epoch: 12 took 76.98s
2023-03-16 17:44:22,502 - root - INFO - Epoch mean loss: 0.05374428844390992
2023-03-16 17:44:22,502 - root - INFO - val loss: 0.0408712364654489, new node val loss: 0.0634786621296277
2023-03-16 17:44:22,520 - root - INFO - start 13 epoch
2023-03-16 17:45:40,491 - root - INFO - epoch: 13 took 77.99s
2023-03-16 17:45:40,491 - root - INFO - Epoch mean loss: 0.03590607471450921
2023-03-16 17:45:40,491 - root - INFO - val loss: 0.0819298269537001, new node val loss: 0.13971797932011845
2023-03-16 17:45:40,502 - root - INFO - start 14 epoch
2023-03-16 17:47:01,691 - root - INFO - epoch: 14 took 81.20s
2023-03-16 17:47:01,691 - root - INFO - Epoch mean loss: 0.06489794218959864
2023-03-16 17:47:01,691 - root - INFO - val loss: 0.05581828067200059, new node val loss: 0.07880505584363187
2023-03-16 17:47:01,702 - root - INFO - start 15 epoch
2023-03-16 17:48:12,776 - root - INFO - epoch: 15 took 71.08s
2023-03-16 17:48:12,777 - root - INFO - Epoch mean loss: 0.07466520205575683
2023-03-16 17:48:12,777 - root - INFO - val loss: 0.08603348485390831, new node val loss: 0.16851815902631448
2023-03-16 17:48:12,809 - root - INFO - start 16 epoch
2023-03-16 17:49:30,035 - root - INFO - epoch: 16 took 77.25s
2023-03-16 17:49:30,035 - root - INFO - Epoch mean loss: 0.037114109424248816
2023-03-16 17:49:30,035 - root - INFO - val loss: 0.033138231747541144, new node val loss: 0.06114396901923346
2023-03-16 17:49:30,036 - root - INFO - No improvement over 5 epochs, stop training
2023-03-16 17:49:30,036 - root - INFO - Loading the best model at epoch 11
2023-03-16 17:49:30,040 - root - INFO - Loaded the best model at epoch 11 for inference
2023-03-16 17:49:43,077 - root - INFO - Test statistics: Old nodes -- loss base mean method: 0.0393333469053658
2023-03-16 17:49:43,077 - root - INFO - Test statistics: Old nodes -- TGN positive loss: 0.048228334262370665
2023-03-16 17:49:43,077 - root - INFO - Test statistics: New nodes -- loss base mean method: 0.03880262704093643
2023-03-16 17:49:43,077 - root - INFO - Test statistics: New nodes -- TGN positive loss: 0.06687615525124314
2023-03-16 17:49:43,077 - root - INFO - Test statistics: Old nodes -- TGN overall loss: 0.23507702050585613
2023-03-16 17:49:43,077 - root - INFO - Test statistics: New nodes -- TGN overall loss: 0.03696805410691253
2023-03-16 18:26:38,665 - root - INFO - Test statistics: Old nodes -- loss base last seen method: 0.001038302338967746
2023-03-16 18:26:38,665 - root - INFO - Test statistics: Old nodes -- loss base historical average method: 0.00958579099148047
2023-03-16 18:35:42,951 - root - INFO - Test statistics: New nodes -- loss base last seen method: 0.0012858200089109766
2023-03-16 18:35:42,951 - root - INFO - Test statistics: New nodes -- loss base historical average method: 0.0018086842602734981
2023-03-16 18:35:42,952 - root - INFO - Saving the model
2023-03-16 18:35:43,083 - root - INFO - TGN model saved
2023-03-16 18:35:43,084 - root - INFO - Run 1, elapsed time: 4095.811250925064 seconds.
2023-03-16 18:35:43,084 - root - INFO - ************************************
2023-03-16 18:35:43,084 - root - INFO - ********** Run 2 starts. **********
2023-03-16 18:35:43,129 - root - INFO - num of training instances: 278721
2023-03-16 18:35:43,130 - root - INFO - num of batches per epoch: 1089
2023-03-16 18:35:43,131 - root - INFO - start 0 epoch
2023-03-16 18:36:59,896 - root - INFO - epoch: 0 took 76.77s
2023-03-16 18:36:59,897 - root - INFO - Epoch mean loss: 0.3096413476460188
2023-03-16 18:36:59,897 - root - INFO - val loss: 0.33247373102357924, new node val loss: 0.39541274818191413
2023-03-16 18:36:59,916 - root - INFO - start 1 epoch
2023-03-16 18:38:14,047 - root - INFO - epoch: 1 took 74.15s
2023-03-16 18:38:14,048 - root - INFO - Epoch mean loss: 0.1378719621116451
2023-03-16 18:38:14,048 - root - INFO - val loss: 0.10699147149825908, new node val loss: 0.1689561614764279
2023-03-16 18:38:14,060 - root - INFO - start 2 epoch
2023-03-16 18:39:30,092 - root - INFO - epoch: 2 took 76.04s
2023-03-16 18:39:30,093 - root - INFO - Epoch mean loss: 0.11120446778387981
2023-03-16 18:39:30,093 - root - INFO - val loss: 0.22611494993602285, new node val loss: 0.2701970003273045
2023-03-16 18:39:30,103 - root - INFO - start 3 epoch
2023-03-16 18:40:47,545 - root - INFO - epoch: 3 took 77.45s
2023-03-16 18:40:47,545 - root - INFO - Epoch mean loss: 0.10352098392729418
2023-03-16 18:40:47,545 - root - INFO - val loss: 0.08224197935625735, new node val loss: 0.2023729728551903
2023-03-16 18:40:47,615 - root - INFO - start 4 epoch
2023-03-16 18:41:58,037 - root - INFO - epoch: 4 took 70.49s
2023-03-16 18:41:58,037 - root - INFO - Epoch mean loss: 0.10921719286665003
2023-03-16 18:41:58,037 - root - INFO - val loss: 0.03707624546103503, new node val loss: 0.062377500922498906
2023-03-16 18:41:58,049 - root - INFO - start 5 epoch
2023-03-16 18:43:14,715 - root - INFO - epoch: 5 took 76.68s
2023-03-16 18:43:14,715 - root - INFO - Epoch mean loss: 0.13780529009464454
2023-03-16 18:43:14,715 - root - INFO - val loss: 0.041864391775077454, new node val loss: 0.06541871516757711
2023-03-16 18:43:14,731 - root - INFO - start 6 epoch
2023-03-16 18:44:21,103 - root - INFO - epoch: 6 took 66.39s
2023-03-16 18:44:21,104 - root - INFO - Epoch mean loss: 0.06353388422933028
2023-03-16 18:44:21,104 - root - INFO - val loss: 0.44173609316123935, new node val loss: 0.4664688199580083
2023-03-16 18:44:21,113 - root - INFO - start 7 epoch
2023-03-16 18:45:35,606 - root - INFO - epoch: 7 took 74.50s
2023-03-16 18:45:35,606 - root - INFO - Epoch mean loss: 0.08759478872902332
2023-03-16 18:45:35,606 - root - INFO - val loss: 0.03128159494440031, new node val loss: 0.05093195769289178
2023-03-16 18:45:35,617 - root - INFO - start 8 epoch
2023-03-16 18:46:50,430 - root - INFO - epoch: 8 took 74.82s
2023-03-16 18:46:50,431 - root - INFO - Epoch mean loss: 0.05869670161183456
2023-03-16 18:46:50,431 - root - INFO - val loss: 0.05886706374306277, new node val loss: 0.09020867270374296
2023-03-16 18:46:50,451 - root - INFO - start 9 epoch
2023-03-16 18:48:06,534 - root - INFO - epoch: 9 took 76.10s
2023-03-16 18:48:06,534 - root - INFO - Epoch mean loss: 0.046985279712315024
2023-03-16 18:48:06,534 - root - INFO - val loss: 0.040982493207736205, new node val loss: 0.06930488016371521
2023-03-16 18:48:06,548 - root - INFO - start 10 epoch
2023-03-16 18:49:20,040 - root - INFO - epoch: 10 took 73.50s
2023-03-16 18:49:20,040 - root - INFO - Epoch mean loss: 0.05841279666402285
2023-03-16 18:49:20,040 - root - INFO - val loss: 0.030775251285050754, new node val loss: 0.03951321429619388
2023-03-16 18:49:20,052 - root - INFO - start 11 epoch
2023-03-16 18:50:30,407 - root - INFO - epoch: 11 took 70.36s
2023-03-16 18:50:30,407 - root - INFO - Epoch mean loss: 0.0381663046636326
2023-03-16 18:50:30,408 - root - INFO - val loss: 0.04147482312852469, new node val loss: 0.05663293643110288
2023-03-16 18:50:30,428 - root - INFO - start 12 epoch
2023-03-16 18:51:43,970 - root - INFO - epoch: 12 took 73.56s
2023-03-16 18:51:43,970 - root - INFO - Epoch mean loss: 0.0626362318143279
2023-03-16 18:51:43,971 - root - INFO - val loss: 0.031108953134666058, new node val loss: 0.0612433971217394
2023-03-16 18:51:43,991 - root - INFO - start 13 epoch
2023-03-16 18:53:02,620 - root - INFO - epoch: 13 took 78.65s
2023-03-16 18:53:02,620 - root - INFO - Epoch mean loss: 0.058415816370356116
2023-03-16 18:53:02,621 - root - INFO - val loss: 0.09949916980939034, new node val loss: 0.11016855876615383
2023-03-16 18:53:02,631 - root - INFO - start 14 epoch
2023-03-16 18:54:24,189 - root - INFO - epoch: 14 took 81.57s
2023-03-16 18:54:24,189 - root - INFO - Epoch mean loss: 0.029744623652182577
2023-03-16 18:54:24,190 - root - INFO - val loss: 0.03659879072818619, new node val loss: 0.03877511603685015
2023-03-16 18:54:24,217 - root - INFO - start 15 epoch
2023-03-16 18:56:37,090 - root - INFO - epoch: 15 took 132.90s
2023-03-16 18:56:37,090 - root - INFO - Epoch mean loss: 0.057526334855634194
2023-03-16 18:56:37,090 - root - INFO - val loss: 0.028528878284734365, new node val loss: 0.04179018960922631
2023-03-16 18:56:37,113 - root - INFO - start 16 epoch
2023-03-16 18:58:53,278 - root - INFO - epoch: 16 took 136.18s
2023-03-16 18:58:53,278 - root - INFO - Epoch mean loss: 0.03511748263681127
2023-03-16 18:58:53,278 - root - INFO - val loss: 0.028162620693264535, new node val loss: 0.030692157796603625
2023-03-16 18:58:53,290 - root - INFO - start 17 epoch
2023-03-16 19:01:11,253 - root - INFO - epoch: 17 took 137.97s
2023-03-16 19:01:11,254 - root - INFO - Epoch mean loss: 0.04307463950246313
2023-03-16 19:01:11,254 - root - INFO - val loss: 0.028450840494367025, new node val loss: 0.048638107992127665
2023-03-16 19:01:11,271 - root - INFO - start 18 epoch
2023-03-16 19:02:17,486 - root - INFO - epoch: 18 took 66.23s
2023-03-16 19:02:17,486 - root - INFO - Epoch mean loss: 0.03860452632257463
2023-03-16 19:02:17,486 - root - INFO - val loss: 0.031254131311616806, new node val loss: 0.03781607599138884
2023-03-16 19:02:17,507 - root - INFO - start 19 epoch
2023-03-16 19:03:17,806 - root - INFO - epoch: 19 took 60.32s
2023-03-16 19:03:17,806 - root - INFO - Epoch mean loss: 0.037026430988470284
2023-03-16 19:03:17,806 - root - INFO - val loss: 0.022309743423279814, new node val loss: 0.02248596689173356
2023-03-16 19:03:17,816 - root - INFO - start 20 epoch
2023-03-16 19:04:20,117 - root - INFO - epoch: 20 took 62.31s
2023-03-16 19:04:20,117 - root - INFO - Epoch mean loss: 0.04033359283187392
2023-03-16 19:04:20,117 - root - INFO - val loss: 0.037172507063942005, new node val loss: 0.047948397540551295
2023-03-16 19:04:20,129 - root - INFO - start 21 epoch
2023-03-16 19:05:28,634 - root - INFO - epoch: 21 took 68.51s
2023-03-16 19:05:28,634 - root - INFO - Epoch mean loss: 0.02036732982632677
2023-03-16 19:05:28,634 - root - INFO - val loss: 0.024095225986436628, new node val loss: 0.02891525916902037
2023-03-16 19:05:28,651 - root - INFO - start 22 epoch
2023-03-16 19:06:34,531 - root - INFO - epoch: 22 took 65.89s
2023-03-16 19:06:34,531 - root - INFO - Epoch mean loss: 0.047954223133514884
2023-03-16 19:06:34,531 - root - INFO - val loss: 0.029653032607313258, new node val loss: 0.04231419032712399
2023-03-16 19:06:34,549 - root - INFO - start 23 epoch
2023-03-16 19:07:36,698 - root - INFO - epoch: 23 took 62.16s
2023-03-16 19:07:36,698 - root - INFO - Epoch mean loss: 0.02506575205612974
2023-03-16 19:07:36,698 - root - INFO - val loss: 0.038078882613378565, new node val loss: 0.05450362563060501
2023-03-16 19:07:36,707 - root - INFO - start 24 epoch
2023-03-16 19:08:49,065 - root - INFO - epoch: 24 took 72.36s
2023-03-16 19:08:49,065 - root - INFO - Epoch mean loss: 0.0365330725861911
2023-03-16 19:08:49,065 - root - INFO - val loss: 0.023121654009134348, new node val loss: 0.03127173514667387
2023-03-16 19:08:49,066 - root - INFO - No improvement over 5 epochs, stop training
2023-03-16 19:08:49,066 - root - INFO - Loading the best model at epoch 19
2023-03-16 19:08:49,096 - root - INFO - Loaded the best model at epoch 19 for inference
2023-03-16 19:09:06,200 - root - INFO - Test statistics: Old nodes -- loss base mean method: 0.0393333469053658
2023-03-16 19:09:06,201 - root - INFO - Test statistics: Old nodes -- TGN positive loss: 0.039734770019587404
2023-03-16 19:09:06,201 - root - INFO - Test statistics: New nodes -- loss base mean method: 0.03880262704093643
2023-03-16 19:09:06,201 - root - INFO - Test statistics: New nodes -- TGN positive loss: 0.03992760047532146
2023-03-16 19:09:06,201 - root - INFO - Test statistics: Old nodes -- TGN overall loss: 0.04037186661886349
2023-03-16 19:09:06,201 - root - INFO - Test statistics: New nodes -- TGN overall loss: 0.02024984839983753
2023-03-16 19:46:03,779 - root - INFO - Test statistics: Old nodes -- loss base last seen method: 0.001038302338967746
2023-03-16 19:46:03,779 - root - INFO - Test statistics: Old nodes -- loss base historical average method: 0.00958579099148047
2023-03-16 19:55:02,886 - root - INFO - Test statistics: New nodes -- loss base last seen method: 0.0012858200089109766
2023-03-16 19:55:02,887 - root - INFO - Test statistics: New nodes -- loss base historical average method: 0.0018086842602734981
2023-03-16 19:55:02,887 - root - INFO - Saving the model
2023-03-16 19:55:02,956 - root - INFO - TGN model saved
2023-03-16 19:55:02,957 - root - INFO - Run 2, elapsed time: 4759.872928380966 seconds.
2023-03-16 19:55:02,957 - root - INFO - ************************************
2023-03-16 19:55:02,957 - root - INFO - ********** Run 3 starts. **********
2023-03-16 19:55:02,996 - root - INFO - num of training instances: 278721
2023-03-16 19:55:02,997 - root - INFO - num of batches per epoch: 1089
2023-03-16 19:55:02,999 - root - INFO - start 0 epoch
2023-03-16 19:57:15,552 - root - INFO - epoch: 0 took 132.55s
2023-03-16 19:57:15,552 - root - INFO - Epoch mean loss: 0.24493154897923258
2023-03-16 19:57:15,553 - root - INFO - val loss: 0.566119449315411, new node val loss: 0.7528103776514042
2023-03-16 19:57:15,564 - root - INFO - start 1 epoch
2023-03-16 19:59:33,170 - root - INFO - epoch: 1 took 137.61s
2023-03-16 19:59:33,170 - root - INFO - Epoch mean loss: 0.16113277150908548
2023-03-16 19:59:33,170 - root - INFO - val loss: 0.04790707756094558, new node val loss: 0.0785816860240006
2023-03-16 19:59:33,183 - root - INFO - start 2 epoch
2023-03-16 20:01:33,332 - root - INFO - epoch: 2 took 120.16s
2023-03-16 20:01:33,332 - root - INFO - Epoch mean loss: 0.08292728633672974
2023-03-16 20:01:33,332 - root - INFO - val loss: 0.10982612243654431, new node val loss: 0.21322730080210603
2023-03-16 20:01:33,344 - root - INFO - start 3 epoch
2023-03-16 20:02:41,847 - root - INFO - epoch: 3 took 68.51s
2023-03-16 20:02:41,848 - root - INFO - Epoch mean loss: 0.07384354434447761
2023-03-16 20:02:41,848 - root - INFO - val loss: 0.11712440418595639, new node val loss: 0.15281591011682125
2023-03-16 20:02:41,859 - root - INFO - start 4 epoch
2023-03-16 20:03:36,810 - root - INFO - epoch: 4 took 54.96s
2023-03-16 20:03:36,810 - root - INFO - Epoch mean loss: 0.0522770794503964
2023-03-16 20:03:36,810 - root - INFO - val loss: 0.050529175458975124, new node val loss: 0.07012818137768036
2023-03-16 20:03:36,821 - root - INFO - start 5 epoch
2023-03-16 20:04:40,687 - root - INFO - epoch: 5 took 63.87s
2023-03-16 20:04:40,687 - root - INFO - Epoch mean loss: 0.07455138861694731
2023-03-16 20:04:40,687 - root - INFO - val loss: 0.0588858220571181, new node val loss: 0.0823386850252487
2023-03-16 20:04:40,696 - root - INFO - start 6 epoch
2023-03-16 20:05:44,228 - root - INFO - epoch: 6 took 63.54s
2023-03-16 20:05:44,228 - root - INFO - Epoch mean loss: 0.05191380487765845
2023-03-16 20:05:44,228 - root - INFO - val loss: 0.07571655118886453, new node val loss: 0.08630616792557759
2023-03-16 20:05:44,228 - root - INFO - No improvement over 5 epochs, stop training
2023-03-16 20:05:44,228 - root - INFO - Loading the best model at epoch 1
2023-03-16 20:05:44,233 - root - INFO - Loaded the best model at epoch 1 for inference
2023-03-16 20:05:53,330 - root - INFO - Test statistics: Old nodes -- loss base mean method: 0.0393333469053658
2023-03-16 20:05:53,330 - root - INFO - Test statistics: Old nodes -- TGN positive loss: 0.046682549708668086
2023-03-16 20:05:53,330 - root - INFO - Test statistics: New nodes -- loss base mean method: 0.03880262704093643
2023-03-16 20:05:53,330 - root - INFO - Test statistics: New nodes -- TGN positive loss: 0.05977168827912081
2023-03-16 20:05:53,330 - root - INFO - Test statistics: Old nodes -- TGN overall loss: 9.604569154487315
2023-03-16 20:05:53,330 - root - INFO - Test statistics: New nodes -- TGN overall loss: 0.039209111995792724
2023-03-16 20:42:47,492 - root - INFO - Test statistics: Old nodes -- loss base last seen method: 0.001038302338967746
2023-03-16 20:42:47,492 - root - INFO - Test statistics: Old nodes -- loss base historical average method: 0.00958579099148047
2023-03-16 20:51:50,544 - root - INFO - Test statistics: New nodes -- loss base last seen method: 0.0012858200089109766
2023-03-16 20:51:50,545 - root - INFO - Test statistics: New nodes -- loss base historical average method: 0.0018086842602734981
2023-03-16 20:51:50,545 - root - INFO - Saving the model
2023-03-16 20:51:50,694 - root - INFO - TGN model saved
2023-03-16 20:51:50,694 - root - INFO - Run 3, elapsed time: 3407.737282514572 seconds.
2023-03-16 20:51:50,694 - root - INFO - ************************************
2023-03-16 20:51:50,694 - root - INFO - ********** Run 4 starts. **********
2023-03-16 20:51:50,718 - root - INFO - num of training instances: 278721
2023-03-16 20:51:50,718 - root - INFO - num of batches per epoch: 1089
2023-03-16 20:51:50,719 - root - INFO - start 0 epoch
2023-03-16 20:52:55,352 - root - INFO - epoch: 0 took 64.63s
2023-03-16 20:52:55,353 - root - INFO - Epoch mean loss: 0.3882274357426682
2023-03-16 20:52:55,353 - root - INFO - val loss: 0.388043741645819, new node val loss: 0.8811295665313787
2023-03-16 20:52:55,365 - root - INFO - start 1 epoch
2023-03-16 20:53:51,199 - root - INFO - epoch: 1 took 55.84s
2023-03-16 20:53:51,199 - root - INFO - Epoch mean loss: 0.23668463687064797
2023-03-16 20:53:51,199 - root - INFO - val loss: 0.14737067076650334, new node val loss: 0.291958523988542
2023-03-16 20:53:51,210 - root - INFO - start 2 epoch
2023-03-16 20:55:10,360 - root - INFO - epoch: 2 took 79.16s
2023-03-16 20:55:10,360 - root - INFO - Epoch mean loss: 0.18123554515535195
2023-03-16 20:55:10,360 - root - INFO - val loss: 0.10651181828226274, new node val loss: 0.23266604739270522
2023-03-16 20:55:10,376 - root - INFO - start 3 epoch
2023-03-16 20:57:15,175 - root - INFO - epoch: 3 took 124.81s
2023-03-16 20:57:15,175 - root - INFO - Epoch mean loss: 0.37533512094897914
2023-03-16 20:57:15,175 - root - INFO - val loss: 0.07276782550645972, new node val loss: 0.18423750806318637
2023-03-16 20:57:15,185 - root - INFO - start 4 epoch
2023-03-16 20:59:19,849 - root - INFO - epoch: 4 took 124.67s
2023-03-16 20:59:19,849 - root - INFO - Epoch mean loss: 0.08850743225112873
2023-03-16 20:59:19,849 - root - INFO - val loss: 0.10652256253671886, new node val loss: 0.17862805222358105
2023-03-16 20:59:19,872 - root - INFO - start 5 epoch
2023-03-16 21:00:25,317 - root - INFO - epoch: 5 took 65.46s
2023-03-16 21:00:25,317 - root - INFO - Epoch mean loss: 0.11819594759709792
2023-03-16 21:00:25,317 - root - INFO - val loss: 0.11605707604641273, new node val loss: 0.23004783351612926
2023-03-16 21:00:25,333 - root - INFO - start 6 epoch
2023-03-16 21:01:25,956 - root - INFO - epoch: 6 took 60.64s
2023-03-16 21:01:25,956 - root - INFO - Epoch mean loss: 0.08655571590807203
2023-03-16 21:01:25,956 - root - INFO - val loss: 0.11003043957115262, new node val loss: 0.1461898035802772
2023-03-16 21:01:25,980 - root - INFO - start 7 epoch
2023-03-16 21:02:27,021 - root - INFO - epoch: 7 took 61.06s
2023-03-16 21:02:27,021 - root - INFO - Epoch mean loss: 0.11423913279310806
2023-03-16 21:02:27,021 - root - INFO - val loss: 0.0999133686167454, new node val loss: 0.2442206985131438
2023-03-16 21:02:27,039 - root - INFO - start 8 epoch
2023-03-16 21:03:35,913 - root - INFO - epoch: 8 took 68.89s
2023-03-16 21:03:35,913 - root - INFO - Epoch mean loss: 0.1512622520332325
2023-03-16 21:03:35,913 - root - INFO - val loss: 0.053859549072734214, new node val loss: 0.10044950616771575
2023-03-16 21:03:35,931 - root - INFO - start 9 epoch
2023-03-16 21:04:42,199 - root - INFO - epoch: 9 took 66.28s
2023-03-16 21:04:42,199 - root - INFO - Epoch mean loss: 0.12936557698343312
2023-03-16 21:04:42,199 - root - INFO - val loss: 0.0633130229414512, new node val loss: 0.11165616839676822
2023-03-16 21:04:42,218 - root - INFO - start 10 epoch
2023-03-16 21:05:48,485 - root - INFO - epoch: 10 took 66.28s
2023-03-16 21:05:48,485 - root - INFO - Epoch mean loss: 0.12057802677812784
2023-03-16 21:05:48,485 - root - INFO - val loss: 0.06883279891986417, new node val loss: 0.1816068472481036
2023-03-16 21:05:48,505 - root - INFO - start 11 epoch
2023-03-16 21:06:59,396 - root - INFO - epoch: 11 took 70.91s
2023-03-16 21:06:59,396 - root - INFO - Epoch mean loss: 0.07256398747844933
2023-03-16 21:06:59,396 - root - INFO - val loss: 0.1462845043249041, new node val loss: 0.23511602325853512
2023-03-16 21:06:59,411 - root - INFO - start 12 epoch
2023-03-16 21:08:02,909 - root - INFO - epoch: 12 took 63.51s
2023-03-16 21:08:02,910 - root - INFO - Epoch mean loss: 0.0802918875329422
2023-03-16 21:08:02,910 - root - INFO - val loss: 0.14573913739397512, new node val loss: 0.21164396144900408
2023-03-16 21:08:02,925 - root - INFO - start 13 epoch
2023-03-16 21:09:08,706 - root - INFO - epoch: 13 took 65.79s
2023-03-16 21:09:08,706 - root - INFO - Epoch mean loss: 0.10227771932258667
2023-03-16 21:09:08,706 - root - INFO - val loss: 0.0947632517233125, new node val loss: 0.1775477134070568
2023-03-16 21:09:08,706 - root - INFO - No improvement over 5 epochs, stop training
2023-03-16 21:09:08,707 - root - INFO - Loading the best model at epoch 8
2023-03-16 21:09:08,722 - root - INFO - Loaded the best model at epoch 8 for inference
2023-03-16 21:09:17,927 - root - INFO - Test statistics: Old nodes -- loss base mean method: 0.0393333469053658
2023-03-16 21:09:17,927 - root - INFO - Test statistics: Old nodes -- TGN positive loss: 0.07837070204262192
2023-03-16 21:09:17,927 - root - INFO - Test statistics: New nodes -- loss base mean method: 0.03880262704093643
2023-03-16 21:09:17,927 - root - INFO - Test statistics: New nodes -- TGN positive loss: 0.1595265194264604
2023-03-16 21:09:17,927 - root - INFO - Test statistics: Old nodes -- TGN overall loss: 0.5825576002447882
2023-03-16 21:09:17,927 - root - INFO - Test statistics: New nodes -- TGN overall loss: 0.08898527663775843
2023-03-16 21:46:18,751 - root - INFO - Test statistics: Old nodes -- loss base last seen method: 0.001038302338967746
2023-03-16 21:46:18,752 - root - INFO - Test statistics: Old nodes -- loss base historical average method: 0.00958579099148047
2023-03-16 21:55:22,731 - root - INFO - Test statistics: New nodes -- loss base last seen method: 0.0012858200089109766
2023-03-16 21:55:22,731 - root - INFO - Test statistics: New nodes -- loss base historical average method: 0.0018086842602734981
2023-03-16 21:55:22,732 - root - INFO - Saving the model
2023-03-16 21:55:22,923 - root - INFO - TGN model saved
2023-03-16 21:55:22,923 - root - INFO - Run 4, elapsed time: 3812.229391813278 seconds.
